app/build/intermediates/manifest_merge_blame_file/debug/manifest-merger-blame-debug-report.txt
1<?xml version="1.0" encoding="utf-8"?>
2<manifest xmlns:android="http://schemas.android.com/apk/res/android"
3    package="com.cimsi.project"
4    android:versionCode="1"
5    android:versionName="0.9" >
6
7    <uses-sdk
8        android:minSdkVersion="21"
8-->src\main\AndroidManifest.xml
9        android:targetSdkVersion="32" />
9-->src\main\AndroidManifest.xml
10
11    <uses-permission android:name="android.permission.INTERNET" />
11-->src\main\AndroidManifest.xml:5:5-67
11-->src\main\AndroidManifest.xml:5:22-64
12    <uses-permission android:name="android.permission.ACCESS_NETWORK_STATE" />
12-->src\main\AndroidManifest.xml:6:5-79
12-->src\main\AndroidManifest.xml:6:22-76
13    <uses-permission android:name="android.permission.WRITE_EXTERNAL_STORAGE" />
13-->src\main\AndroidManifest.xml:7:5-81
13-->src\main\AndroidManifest.xml:7:22-78
14
15    <supports-screens
15-->[org.osmdroid:osmdroid-android:6.1.2] AndroidManifest.xml:11:5-14:40
16        android:anyDensity="true"
16-->[org.osmdroid:osmdroid-android:6.1.2] AndroidManifest.xml:12:9-34
17        android:largeScreens="true"
17-->[org.osmdroid:osmdroid-android:6.1.2] AndroidManifest.xml:13:9-36
18        android:normalScreens="true" />
18-->[org.osmdroid:osmdroid-android:6.1.2] AndroidManifest.xml:14:9-37
19
20    <uses-feature
20-->[org.osmdroid:osmdroid-android:6.1.2] AndroidManifest.xml:16:5-18:36
21        android:name="android.hardware.location.network"
21-->[org.osmdroid:osmdroid-android:6.1.2] AndroidManifest.xml:17:9-57
22        android:required="false" />
22-->[org.osmdroid:osmdroid-android:6.1.2] AndroidManifest.xml:18:9-33
23    <uses-feature
23-->[org.osmdroid:osmdroid-android:6.1.2] AndroidManifest.xml:19:5-21:36
24        android:name="android.hardware.location.gps"
24-->[org.osmdroid:osmdroid-android:6.1.2] AndroidManifest.xml:20:9-53
25        android:required="false" />
25-->[org.osmdroid:osmdroid-android:6.1.2] AndroidManifest.xml:21:9-33
26    <uses-feature
26-->[org.osmdroid:osmdroid-android:6.1.2] AndroidManifest.xml:22:5-24:36
27        android:name="android.hardware.telephony"
27-->[org.osmdroid:osmdroid-android:6.1.2] AndroidManifest.xml:23:9-50
28        android:required="false" />
28-->[org.osmdroid:osmdroid-android:6.1.2] AndroidManifest.xml:24:9-33
29    <uses-feature
29-->[org.osmdroid:osmdroid-android:6.1.2] AndroidManifest.xml:25:5-27:36
30        android:name="android.hardware.wifi"
30-->[org.osmdroid:osmdroid-android:6.1.2] AndroidManifest.xml:26:9-45
31        android:required="false" />
31-->[org.osmdroid:osmdroid-android:6.1.2] AndroidManifest.xml:27:9-33
32
33    <uses-permission android:name="com.google.android.gms.permission.AD_ID" /> <!-- Android package visibility setting -->
33-->[com.google.android.gms:play-services-ads-lite:20.5.0] AndroidManifest.xml:25:5-79
33-->[com.google.android.gms:play-services-ads-lite:20.5.0] AndroidManifest.xml:25:22-76
34    <queries>
34-->[com.google.android.gms:play-services-ads-lite:20.5.0] AndroidManifest.xml:28:5-44:15
35
36        <!-- For browser content -->
37        <intent>
37-->[com.google.android.gms:play-services-ads-lite:20.5.0] AndroidManifest.xml:31:9-37:18
38            <action android:name="android.intent.action.VIEW" />
38-->[com.google.firebase:firebase-auth:21.0.1] AndroidManifest.xml:34:17-69
38-->[com.google.firebase:firebase-auth:21.0.1] AndroidManifest.xml:34:25-66
39
40            <category android:name="android.intent.category.BROWSABLE" />
40-->[com.google.firebase:firebase-auth:21.0.1] AndroidManifest.xml:37:17-78
40-->[com.google.firebase:firebase-auth:21.0.1] AndroidManifest.xml:37:27-75
41
42            <data android:scheme="https" />
42-->[com.google.firebase:firebase-auth:21.0.1] AndroidManifest.xml:39:17-42:51
42-->[com.google.firebase:firebase-auth:21.0.1] AndroidManifest.xml:42:21-48
43        </intent>
44        <!-- End of browser content -->
45        <!-- For CustomTabsService -->
46        <intent>
46-->[com.google.android.gms:play-services-ads-lite:20.5.0] AndroidManifest.xml:31:9-37:18
47            <action android:name="android.support.customtabs.action.CustomTabsService" />
48        </intent>
49        <!-- End of CustomTabsService -->
50    </queries>
51
52    <uses-permission android:name="android.permission.WAKE_LOCK" />
52-->[com.google.android.gms:play-services-measurement-sdk-api:18.0.3] AndroidManifest.xml:25:5-68
52-->[com.google.android.gms:play-services-measurement-sdk-api:18.0.3] AndroidManifest.xml:25:22-65
53    <uses-permission android:name="android.permission.RECEIVE_BOOT_COMPLETED" />
53-->[androidx.work:work-runtime:2.7.0] AndroidManifest.xml:27:5-81
53-->[androidx.work:work-runtime:2.7.0] AndroidManifest.xml:27:22-78
54    <uses-permission android:name="android.permission.FOREGROUND_SERVICE" />
54-->[androidx.work:work-runtime:2.7.0] AndroidManifest.xml:28:5-77
54-->[androidx.work:work-runtime:2.7.0] AndroidManifest.xml:28:22-74
55
56    <application
56-->src\main\AndroidManifest.xml:9:5-47:19
57        android:allowBackup="true"
57-->src\main\AndroidManifest.xml:10:9-35
58        android:appComponentFactory="androidx.core.app.CoreComponentFactory"
58-->[androidx.core:core:1.6.0] AndroidManifest.xml:24:18-86
59        android:debuggable="true"
60        android:icon="@mipmap/ic_launcher"
60-->src\main\AndroidManifest.xml:11:9-43
61        android:label="@string/app_name"
61-->src\main\AndroidManifest.xml:12:9-41
62        android:requestLegacyExternalStorage="true"
62-->src\main\AndroidManifest.xml:13:9-52
63        android:roundIcon="@mipmap/ic_launcher_round"
63-->src\main\AndroidManifest.xml:14:9-54
64        android:supportsRtl="true"
64-->src\main\AndroidManifest.xml:15:9-35
65        android:testOnly="true"
66        android:theme="@style/AppTheme" >
66-->src\main\AndroidManifest.xml:16:9-40
67        <activity
67-->src\main\AndroidManifest.xml:17:9-19:39
68            android:name="com.cimsi.project.ui.FavoriteStationsActivity"
68-->src\main\AndroidManifest.xml:18:13-56
69            android:exported="true" />
69-->src\main\AndroidManifest.xml:19:13-36
70        <activity
70-->src\main\AndroidManifest.xml:20:9-29:20
71            android:name="com.cimsi.project.ui.App"
71-->src\main\AndroidManifest.xml:21:13-35
72            android:exported="true"
72-->src\main\AndroidManifest.xml:22:13-36
73            android:theme="@style/Theme.AppCompat.NoActionBar" >
73-->src\main\AndroidManifest.xml:23:13-63
74            <intent-filter>
74-->src\main\AndroidManifest.xml:24:13-28:29
75                <action android:name="android.intent.action.MAIN" />
75-->src\main\AndroidManifest.xml:25:17-69
75-->src\main\AndroidManifest.xml:25:25-66
76
77                <category android:name="android.intent.category.LAUNCHER" />
77-->src\main\AndroidManifest.xml:27:17-77
77-->src\main\AndroidManifest.xml:27:27-74
78            </intent-filter>
79        </activity>
80        <activity
80-->src\main\AndroidManifest.xml:30:9-33:66
81            android:name="com.cimsi.project.ui.SignInActivity"
81-->src\main\AndroidManifest.xml:31:13-46
82            android:exported="true"
82-->src\main\AndroidManifest.xml:32:13-36
83            android:theme="@style/Theme.AppCompat.NoActionBar" />
83-->src\main\AndroidManifest.xml:33:13-63
84        <activity
84-->src\main\AndroidManifest.xml:34:9-36:39
85            android:name="com.cimsi.project.ui.MainActivity"
85-->src\main\AndroidManifest.xml:35:13-44
86            android:exported="true" />
86-->src\main\AndroidManifest.xml:36:13-36
87
88        <meta-data
88-->src\main\AndroidManifest.xml:38:9-40:106
89            android:name="io.sentry.dsn"
89-->src\main\AndroidManifest.xml:39:13-41
90            android:value="https://e5286955d1be4b1a9bc8ccd61f41a6e1@o1104526.ingest.sentry.io/6131822" />
90-->src\main\AndroidManifest.xml:40:13-103
91        <meta-data
91-->src\main\AndroidManifest.xml:41:9-43:35
92            android:name="io.sentry.traces.sample-rate"
92-->src\main\AndroidManifest.xml:42:13-56
93            android:value="1.0" />
93-->src\main\AndroidManifest.xml:43:13-32
94        <meta-data
94-->src\main\AndroidManifest.xml:44:9-46:70
95            android:name="com.google.android.gms.ads.APPLICATION_ID"
95-->src\main\AndroidManifest.xml:45:13-69
96            android:value="ca-app-pub-5467669858609367~7460229649" />
96-->src\main\AndroidManifest.xml:46:13-67
97
98        <service
98-->[com.google.firebase:firebase-auth-ktx:21.0.1] AndroidManifest.xml:8:9-14:19
99            android:name="com.google.firebase.components.ComponentDiscoveryService"
99-->[com.google.firebase:firebase-auth-ktx:21.0.1] AndroidManifest.xml:9:13-84
100            android:directBootAware="true"
100-->[com.google.firebase:firebase-common:20.0.0] AndroidManifest.xml:35:13-43
101            android:exported="false" >
101-->[com.google.firebase:firebase-auth-ktx:21.0.1] AndroidManifest.xml:10:13-37
102            <meta-data
102-->[com.google.firebase:firebase-auth-ktx:21.0.1] AndroidManifest.xml:11:13-13:85
103                android:name="com.google.firebase.components:com.google.firebase.auth.ktx.FirebaseAuthKtxRegistrar"
103-->[com.google.firebase:firebase-auth-ktx:21.0.1] AndroidManifest.xml:12:17-116
104                android:value="com.google.firebase.components.ComponentRegistrar" />
104-->[com.google.firebase:firebase-auth-ktx:21.0.1] AndroidManifest.xml:13:17-82
105            <meta-data
105-->[com.google.firebase:firebase-firestore-ktx:24.0.0] AndroidManifest.xml:15:13-17:85
106                android:name="com.google.firebase.components:com.google.firebase.firestore.ktx.FirebaseFirestoreKtxRegistrar"
106-->[com.google.firebase:firebase-firestore-ktx:24.0.0] AndroidManifest.xml:16:17-126
107                android:value="com.google.firebase.components.ComponentRegistrar" />
107-->[com.google.firebase:firebase-firestore-ktx:24.0.0] AndroidManifest.xml:17:17-82
108            <meta-data
108-->[com.google.firebase:firebase-common-ktx:20.0.0] AndroidManifest.xml:15:13-17:85
109                android:name="com.google.firebase.components:com.google.firebase.ktx.FirebaseCommonKtxRegistrar"
109-->[com.google.firebase:firebase-common-ktx:20.0.0] AndroidManifest.xml:16:17-113
110                android:value="com.google.firebase.components.ComponentRegistrar" />
110-->[com.google.firebase:firebase-common-ktx:20.0.0] AndroidManifest.xml:17:17-82
111            <meta-data
111-->[com.google.firebase:firebase-auth:21.0.1] AndroidManifest.xml:77:13-79:85
112                android:name="com.google.firebase.components:com.google.firebase.auth.FirebaseAuthRegistrar"
112-->[com.google.firebase:firebase-auth:21.0.1] AndroidManifest.xml:78:17-109
113                android:value="com.google.firebase.components.ComponentRegistrar" />
113-->[com.google.firebase:firebase-auth:21.0.1] AndroidManifest.xml:79:17-82
114            <meta-data
114-->[com.google.firebase:firebase-firestore:24.0.0] AndroidManifest.xml:20:13-22:85
115                android:name="com.google.firebase.components:com.google.firebase.firestore.FirestoreRegistrar"
115-->[com.google.firebase:firebase-firestore:24.0.0] AndroidManifest.xml:21:17-111
116                android:value="com.google.firebase.components.ComponentRegistrar" />
116-->[com.google.firebase:firebase-firestore:24.0.0] AndroidManifest.xml:22:17-82
117        </service>
118
119        <activity
119-->[com.google.android.gms:play-services-auth:18.1.0] AndroidManifest.xml:23:9-27:75
120            android:name="com.google.android.gms.auth.api.signin.internal.SignInHubActivity"
120-->[com.google.android.gms:play-services-auth:18.1.0] AndroidManifest.xml:24:13-93
121            android:excludeFromRecents="true"
121-->[com.google.android.gms:play-services-auth:18.1.0] AndroidManifest.xml:25:13-46
122            android:exported="false"
122-->[com.google.android.gms:play-services-auth:18.1.0] AndroidManifest.xml:26:13-37
123            android:theme="@android:style/Theme.Translucent.NoTitleBar" />
123-->[com.google.android.gms:play-services-auth:18.1.0] AndroidManifest.xml:27:13-72
124        <!--
125            Service handling Google Sign-In user revocation. For apps that do not integrate with
126            Google Sign-In, this service will never be started.
127        -->
128        <service
128-->[com.google.android.gms:play-services-auth:18.1.0] AndroidManifest.xml:33:9-37:51
129            android:name="com.google.android.gms.auth.api.signin.RevocationBoundService"
129-->[com.google.android.gms:play-services-auth:18.1.0] AndroidManifest.xml:34:13-89
130            android:exported="true"
130-->[com.google.android.gms:play-services-auth:18.1.0] AndroidManifest.xml:35:13-36
131            android:permission="com.google.android.gms.auth.api.signin.permission.REVOCATION_NOTIFICATION"
131-->[com.google.android.gms:play-services-auth:18.1.0] AndroidManifest.xml:36:13-107
132            android:visibleToInstantApps="true" />
132-->[com.google.android.gms:play-services-auth:18.1.0] AndroidManifest.xml:37:13-48
133
134        <provider
134-->[com.squareup.picasso:picasso:2.71828] AndroidManifest.xml:8:9-11:40
135            android:name="com.squareup.picasso.PicassoProvider"
135-->[com.squareup.picasso:picasso:2.71828] AndroidManifest.xml:9:13-64
136            android:authorities="com.cimsi.project.com.squareup.picasso"
136-->[com.squareup.picasso:picasso:2.71828] AndroidManifest.xml:10:13-72
137            android:exported="false" />
137-->[com.squareup.picasso:picasso:2.71828] AndroidManifest.xml:11:13-37
138
139        <activity
139-->[com.google.firebase:firebase-auth:21.0.1] AndroidManifest.xml:27:9-44:20
140            android:name="com.google.firebase.auth.internal.GenericIdpActivity"
140-->[com.google.firebase:firebase-auth:21.0.1] AndroidManifest.xml:28:13-80
141            android:excludeFromRecents="true"
141-->[com.google.firebase:firebase-auth:21.0.1] AndroidManifest.xml:29:13-46
142            android:exported="true"
142-->[com.google.firebase:firebase-auth:21.0.1] AndroidManifest.xml:30:13-36
143            android:launchMode="singleTask"
143-->[com.google.firebase:firebase-auth:21.0.1] AndroidManifest.xml:31:13-44
144            android:theme="@android:style/Theme.Translucent.NoTitleBar" >
144-->[com.google.firebase:firebase-auth:21.0.1] AndroidManifest.xml:32:13-72
145            <intent-filter>
145-->[com.google.firebase:firebase-auth:21.0.1] AndroidManifest.xml:33:13-43:29
146                <action android:name="android.intent.action.VIEW" />
146-->[com.google.firebase:firebase-auth:21.0.1] AndroidManifest.xml:34:17-69
146-->[com.google.firebase:firebase-auth:21.0.1] AndroidManifest.xml:34:25-66
147
148                <category android:name="android.intent.category.DEFAULT" />
148-->[com.google.firebase:firebase-auth:21.0.1] AndroidManifest.xml:36:17-76
148-->[com.google.firebase:firebase-auth:21.0.1] AndroidManifest.xml:36:27-73
149                <category android:name="android.intent.category.BROWSABLE" />
149-->[com.google.firebase:firebase-auth:21.0.1] AndroidManifest.xml:37:17-78
149-->[com.google.firebase:firebase-auth:21.0.1] AndroidManifest.xml:37:27-75
150
151                <data
151-->[com.google.firebase:firebase-auth:21.0.1] AndroidManifest.xml:39:17-42:51
152                    android:host="firebase.auth"
152-->[com.google.firebase:firebase-auth:21.0.1] AndroidManifest.xml:40:21-49
153                    android:path="/"
153-->[com.google.firebase:firebase-auth:21.0.1] AndroidManifest.xml:41:21-37
154                    android:scheme="genericidp" />
154-->[com.google.firebase:firebase-auth:21.0.1] AndroidManifest.xml:42:21-48
155            </intent-filter>
156        </activity>
157        <activity
157-->[com.google.firebase:firebase-auth:21.0.1] AndroidManifest.xml:45:9-62:20
158            android:name="com.google.firebase.auth.internal.RecaptchaActivity"
158-->[com.google.firebase:firebase-auth:21.0.1] AndroidManifest.xml:46:13-79
159            android:excludeFromRecents="true"
159-->[com.google.firebase:firebase-auth:21.0.1] AndroidManifest.xml:47:13-46
160            android:exported="true"
160-->[com.google.firebase:firebase-auth:21.0.1] AndroidManifest.xml:48:13-36
161            android:launchMode="singleTask"
161-->[com.google.firebase:firebase-auth:21.0.1] AndroidManifest.xml:49:13-44
162            android:theme="@android:style/Theme.Translucent.NoTitleBar" >
162-->[com.google.firebase:firebase-auth:21.0.1] AndroidManifest.xml:50:13-72
163            <intent-filter>
163-->[com.google.firebase:firebase-auth:21.0.1] AndroidManifest.xml:51:13-61:29
164                <action android:name="android.intent.action.VIEW" />
164-->[com.google.firebase:firebase-auth:21.0.1] AndroidManifest.xml:34:17-69
164-->[com.google.firebase:firebase-auth:21.0.1] AndroidManifest.xml:34:25-66
165
166                <category android:name="android.intent.category.DEFAULT" />
166-->[com.google.firebase:firebase-auth:21.0.1] AndroidManifest.xml:36:17-76
166-->[com.google.firebase:firebase-auth:21.0.1] AndroidManifest.xml:36:27-73
167                <category android:name="android.intent.category.BROWSABLE" />
167-->[com.google.firebase:firebase-auth:21.0.1] AndroidManifest.xml:37:17-78
167-->[com.google.firebase:firebase-auth:21.0.1] AndroidManifest.xml:37:27-75
168
169                <data
169-->[com.google.firebase:firebase-auth:21.0.1] AndroidManifest.xml:39:17-42:51
170                    android:host="firebase.auth"
170-->[com.google.firebase:firebase-auth:21.0.1] AndroidManifest.xml:40:21-49
171                    android:path="/"
171-->[com.google.firebase:firebase-auth:21.0.1] AndroidManifest.xml:41:21-37
172                    android:scheme="recaptcha" />
172-->[com.google.firebase:firebase-auth:21.0.1] AndroidManifest.xml:42:21-48
173            </intent-filter>
174        </activity>
175
176        <service
176-->[com.google.firebase:firebase-auth:21.0.1] AndroidManifest.xml:64:9-73:19
177            android:name="com.google.firebase.auth.api.fallback.service.FirebaseAuthFallbackService"
177-->[com.google.firebase:firebase-auth:21.0.1] AndroidManifest.xml:65:13-101
178            android:enabled="true"
178-->[com.google.firebase:firebase-auth:21.0.1] AndroidManifest.xml:66:13-35
179            android:exported="false" >
179-->[com.google.firebase:firebase-auth:21.0.1] AndroidManifest.xml:67:13-37
180            <intent-filter>
180-->[com.google.firebase:firebase-auth:21.0.1] AndroidManifest.xml:68:13-72:29
181                <action android:name="com.google.firebase.auth.api.gms.service.START" />
181-->[com.google.firebase:firebase-auth:21.0.1] AndroidManifest.xml:69:17-89
181-->[com.google.firebase:firebase-auth:21.0.1] AndroidManifest.xml:69:25-86
182
183                <category android:name="android.intent.category.DEFAULT" />
183-->[com.google.firebase:firebase-auth:21.0.1] AndroidManifest.xml:36:17-76
183-->[com.google.firebase:firebase-auth:21.0.1] AndroidManifest.xml:36:27-73
184            </intent-filter>
185        </service>
186
187        <provider
187-->[com.google.firebase:firebase-common:20.0.0] AndroidManifest.xml:26:9-31:39
188            android:name="com.google.firebase.provider.FirebaseInitProvider"
188-->[com.google.firebase:firebase-common:20.0.0] AndroidManifest.xml:27:13-77
189            android:authorities="com.cimsi.project.firebaseinitprovider"
189-->[com.google.firebase:firebase-common:20.0.0] AndroidManifest.xml:28:13-72
190            android:directBootAware="true"
190-->[com.google.firebase:firebase-common:20.0.0] AndroidManifest.xml:29:13-43
191            android:exported="false"
191-->[com.google.firebase:firebase-common:20.0.0] AndroidManifest.xml:30:13-37
192            android:initOrder="100" /> <!-- Include the AdActivity and InAppPurchaseActivity configChanges and themes. -->
192-->[com.google.firebase:firebase-common:20.0.0] AndroidManifest.xml:31:13-36
193        <activity
193-->[com.google.android.gms:play-services-ads-lite:20.5.0] AndroidManifest.xml:49:9-53:64
194            android:name="com.google.android.gms.ads.AdActivity"
194-->[com.google.android.gms:play-services-ads-lite:20.5.0] AndroidManifest.xml:50:13-65
195            android:configChanges="keyboard|keyboardHidden|orientation|screenLayout|uiMode|screenSize|smallestScreenSize"
195-->[com.google.android.gms:play-services-ads-lite:20.5.0] AndroidManifest.xml:51:13-122
196            android:exported="false"
196-->[com.google.android.gms:play-services-ads-lite:20.5.0] AndroidManifest.xml:52:13-37
197            android:theme="@android:style/Theme.Translucent" />
197-->[com.google.android.gms:play-services-ads-lite:20.5.0] AndroidManifest.xml:53:13-61
198
199        <provider
199-->[com.google.android.gms:play-services-ads-lite:20.5.0] AndroidManifest.xml:55:9-59:39
200            android:name="com.google.android.gms.ads.MobileAdsInitProvider"
200-->[com.google.android.gms:play-services-ads-lite:20.5.0] AndroidManifest.xml:56:13-76
201            android:authorities="com.cimsi.project.mobileadsinitprovider"
201-->[com.google.android.gms:play-services-ads-lite:20.5.0] AndroidManifest.xml:57:13-73
202            android:exported="false"
202-->[com.google.android.gms:play-services-ads-lite:20.5.0] AndroidManifest.xml:58:13-37
203            android:initOrder="100" />
203-->[com.google.android.gms:play-services-ads-lite:20.5.0] AndroidManifest.xml:59:13-36
204
205        <service
205-->[com.google.android.gms:play-services-ads-lite:20.5.0] AndroidManifest.xml:61:9-64:40
206            android:name="com.google.android.gms.ads.AdService"
206-->[com.google.android.gms:play-services-ads-lite:20.5.0] AndroidManifest.xml:62:13-64
207            android:enabled="true"
207-->[com.google.android.gms:play-services-ads-lite:20.5.0] AndroidManifest.xml:63:13-35
208            android:exported="false" />
208-->[com.google.android.gms:play-services-ads-lite:20.5.0] AndroidManifest.xml:64:13-37
209
210        <activity
210-->[com.google.android.gms:play-services-base:17.6.0] AndroidManifest.xml:23:9-26:75
211            android:name="com.google.android.gms.common.api.GoogleApiActivity"
211-->[com.google.android.gms:play-services-base:17.6.0] AndroidManifest.xml:24:13-79
212            android:exported="false"
212-->[com.google.android.gms:play-services-base:17.6.0] AndroidManifest.xml:25:13-37
213            android:theme="@android:style/Theme.Translucent.NoTitleBar" />
213-->[com.google.android.gms:play-services-base:17.6.0] AndroidManifest.xml:26:13-72
214
215        <meta-data
215-->[com.google.android.gms:play-services-basement:17.6.0] AndroidManifest.xml:23:9-25:69
216            android:name="com.google.android.gms.version"
216-->[com.google.android.gms:play-services-basement:17.6.0] AndroidManifest.xml:24:13-58
217            android:value="@integer/google_play_services_version" /> <!-- 'android:authorities' must be unique in the device, across all apps -->
217-->[com.google.android.gms:play-services-basement:17.6.0] AndroidManifest.xml:25:13-66
218        <provider
218-->[io.sentry:sentry-android-core:5.5.2] AndroidManifest.xml:14:9-17:40
219            android:name="io.sentry.android.core.SentryInitProvider"
219-->[io.sentry:sentry-android-core:5.5.2] AndroidManifest.xml:15:13-69
220            android:authorities="com.cimsi.project.SentryInitProvider"
220-->[io.sentry:sentry-android-core:5.5.2] AndroidManifest.xml:16:13-70
221            android:exported="false" />
221-->[io.sentry:sentry-android-core:5.5.2] AndroidManifest.xml:17:13-37
222        <provider
222-->[io.sentry:sentry-android-core:5.5.2] AndroidManifest.xml:18:9-22:39
223            android:name="io.sentry.android.core.SentryPerformanceProvider"
223-->[io.sentry:sentry-android-core:5.5.2] AndroidManifest.xml:19:13-76
224            android:authorities="com.cimsi.project.SentryPerformanceProvider"
224-->[io.sentry:sentry-android-core:5.5.2] AndroidManifest.xml:20:13-77
225            android:exported="false"
225-->[io.sentry:sentry-android-core:5.5.2] AndroidManifest.xml:21:13-37
226            android:initOrder="200" />
226-->[io.sentry:sentry-android-core:5.5.2] AndroidManifest.xml:22:13-36
227        <provider
227-->[androidx.work:work-runtime:2.7.0] AndroidManifest.xml:31:9-39:20
228            android:name="androidx.startup.InitializationProvider"
228-->[androidx.work:work-runtime:2.7.0] AndroidManifest.xml:32:13-67
229            android:authorities="com.cimsi.project.androidx-startup"
229-->[androidx.work:work-runtime:2.7.0] AndroidManifest.xml:33:13-68
230            android:exported="false" >
230-->[androidx.work:work-runtime:2.7.0] AndroidManifest.xml:34:13-37
231            <meta-data
231-->[androidx.work:work-runtime:2.7.0] AndroidManifest.xml:36:13-38:52
232                android:name="androidx.work.WorkManagerInitializer"
232-->[androidx.work:work-runtime:2.7.0] AndroidManifest.xml:37:17-68
233                android:value="androidx.startup" />
233-->[androidx.work:work-runtime:2.7.0] AndroidManifest.xml:38:17-49
234        </provider>
235
236        <service
236-->[androidx.work:work-runtime:2.7.0] AndroidManifest.xml:41:9-46:35
237            android:name="androidx.work.impl.background.systemalarm.SystemAlarmService"
237-->[androidx.work:work-runtime:2.7.0] AndroidManifest.xml:42:13-88
238            android:directBootAware="false"
238-->[androidx.work:work-runtime:2.7.0] AndroidManifest.xml:43:13-44
239            android:enabled="@bool/enable_system_alarm_service_default"
239-->[androidx.work:work-runtime:2.7.0] AndroidManifest.xml:44:13-72
240            android:exported="false" />
240-->[androidx.work:work-runtime:2.7.0] AndroidManifest.xml:45:13-37
241        <service
241-->[androidx.work:work-runtime:2.7.0] AndroidManifest.xml:47:9-53:35
242            android:name="androidx.work.impl.background.systemjob.SystemJobService"
242-->[androidx.work:work-runtime:2.7.0] AndroidManifest.xml:48:13-84
243            android:directBootAware="false"
243-->[androidx.work:work-runtime:2.7.0] AndroidManifest.xml:49:13-44
244            android:enabled="@bool/enable_system_job_service_default"
244-->[androidx.work:work-runtime:2.7.0] AndroidManifest.xml:50:13-70
245            android:exported="true"
245-->[androidx.work:work-runtime:2.7.0] AndroidManifest.xml:51:13-36
246            android:permission="android.permission.BIND_JOB_SERVICE" />
246-->[androidx.work:work-runtime:2.7.0] AndroidManifest.xml:52:13-69
247        <service
247-->[androidx.work:work-runtime:2.7.0] AndroidManifest.xml:54:9-59:35
248            android:name="androidx.work.impl.foreground.SystemForegroundService"
248-->[androidx.work:work-runtime:2.7.0] AndroidManifest.xml:55:13-81
249            android:directBootAware="false"
249-->[androidx.work:work-runtime:2.7.0] AndroidManifest.xml:56:13-44
250            android:enabled="@bool/enable_system_foreground_service_default"
250-->[androidx.work:work-runtime:2.7.0] AndroidManifest.xml:57:13-77
251            android:exported="false" />
251-->[androidx.work:work-runtime:2.7.0] AndroidManifest.xml:58:13-37
252
253        <receiver
253-->[androidx.work:work-runtime:2.7.0] AndroidManifest.xml:61:9-66:35
254            android:name="androidx.work.impl.utils.ForceStopRunnable$BroadcastReceiver"
254-->[androidx.work:work-runtime:2.7.0] AndroidManifest.xml:62:13-88
255            android:directBootAware="false"
255-->[androidx.work:work-runtime:2.7.0] AndroidManifest.xml:63:13-44
256            android:enabled="true"
256-->[androidx.work:work-runtime:2.7.0] AndroidManifest.xml:64:13-35
257            android:exported="false" />
257-->[androidx.work:work-runtime:2.7.0] AndroidManifest.xml:65:13-37
258        <receiver
258-->[androidx.work:work-runtime:2.7.0] AndroidManifest.xml:67:9-77:20
259            android:name="androidx.work.impl.background.systemalarm.ConstraintProxy$BatteryChargingProxy"
259-->[androidx.work:work-runtime:2.7.0] AndroidManifest.xml:68:13-106
260            android:directBootAware="false"
260-->[androidx.work:work-runtime:2.7.0] AndroidManifest.xml:69:13-44
261            android:enabled="false"
261-->[androidx.work:work-runtime:2.7.0] AndroidManifest.xml:70:13-36
262            android:exported="false" >
262-->[androidx.work:work-runtime:2.7.0] AndroidManifest.xml:71:13-37
263            <intent-filter>
263-->[androidx.work:work-runtime:2.7.0] AndroidManifest.xml:73:13-76:29
264                <action android:name="android.intent.action.ACTION_POWER_CONNECTED" />
264-->[androidx.work:work-runtime:2.7.0] AndroidManifest.xml:74:17-87
264-->[androidx.work:work-runtime:2.7.0] AndroidManifest.xml:74:25-84
265                <action android:name="android.intent.action.ACTION_POWER_DISCONNECTED" />
265-->[androidx.work:work-runtime:2.7.0] AndroidManifest.xml:75:17-90
265-->[androidx.work:work-runtime:2.7.0] AndroidManifest.xml:75:25-87
266            </intent-filter>
267        </receiver>
268        <receiver
268-->[androidx.work:work-runtime:2.7.0] AndroidManifest.xml:78:9-88:20
269            android:name="androidx.work.impl.background.systemalarm.ConstraintProxy$BatteryNotLowProxy"
269-->[androidx.work:work-runtime:2.7.0] AndroidManifest.xml:79:13-104
270            android:directBootAware="false"
270-->[androidx.work:work-runtime:2.7.0] AndroidManifest.xml:80:13-44
271            android:enabled="false"
271-->[androidx.work:work-runtime:2.7.0] AndroidManifest.xml:81:13-36
272            android:exported="false" >
272-->[androidx.work:work-runtime:2.7.0] AndroidManifest.xml:82:13-37
273            <intent-filter>
273-->[androidx.work:work-runtime:2.7.0] AndroidManifest.xml:84:13-87:29
274                <action android:name="android.intent.action.BATTERY_OKAY" />
274-->[androidx.work:work-runtime:2.7.0] AndroidManifest.xml:85:17-77
274-->[androidx.work:work-runtime:2.7.0] AndroidManifest.xml:85:25-74
275                <action android:name="android.intent.action.BATTERY_LOW" />
275-->[androidx.work:work-runtime:2.7.0] AndroidManifest.xml:86:17-76
275-->[androidx.work:work-runtime:2.7.0] AndroidManifest.xml:86:25-73
276            </intent-filter>
277        </receiver>